{"/Users/edwardweymouth/code/practice/reactNaty/shallWeTest/App.js": {"path":"/Users/edwardweymouth/code/practice/reactNaty/shallWeTest/App.js","statementMap":{"0":{"start":{"line":14,"column":3},"end":{"line":23,"column":5}},"1":{"start":{"line":27,"column":15},"end":{"line":43,"column":2}}},"fnMap":{"0":{"name":"(anonymous_0)","decl":{"start":{"line":13,"column":1},"end":{"line":13,"column":2}},"loc":{"start":{"line":13,"column":10},"end":{"line":24,"column":2}},"line":13}},"branchMap":{},"s":{"0":1,"1":1},"f":{"0":1},"b":{},"_coverageSchema":"332fd63041d2c1bcb487cc26dd0d5f7d97098a6c","hash":"c130b4c4d1e1f4eefb7bde284907dca452849bb0"}
,"/Users/edwardweymouth/code/practice/reactNaty/shallWeTest/img/background.jpg": {"path":"/Users/edwardweymouth/code/practice/reactNaty/shallWeTest/img/background.jpg","statementMap":{"0":{"start":{"line":1,"column":0},"end":{"line":1,"column":19}}},"fnMap":{},"branchMap":{},"s":{"0":1},"f":{},"b":{},"_coverageSchema":"332fd63041d2c1bcb487cc26dd0d5f7d97098a6c","hash":"61ea2aea5ebb2c849c40f71eba381e603f68b364"}
}
